<?xml version="1.0" encoding="UTF-8" ?>
<testsuite tests="3" failures="1" name="runTest" time="7.185" errors="0" skipped="0">
  <properties>
[...]
</properties>
  <testcase classname="Browsing around" name="Login and Vets" time="5.594"/>
  <testcase classname="Browsing around" name="Login and check owner based on last name" time="0.613"/>
  <testcase classname="Vets can add a new pet owner" name="Add new owner" time="0.978">
    <failure type="java.lang.AssertionError">java.lang.AssertionError
	at org.junit.Assert.fail(Assert.java:86)
	at org.junit.Assert.assertTrue(Assert.java:41)
	at org.junit.Assert.assertTrue(Assert.java:52)
	at stepdefs.FindOwner.i_should_see_newly_added_pet_owner(FindOwner.java:50)
	at ✽.I should see newly added Pet owner(file:///C:/Users/gaurav.bs.gupta/Documents/testpetclinic/src/test/resources/features/find_owner.feature:9)
</failure>
    <system-out>
@AddOwnerTest
Scenario: Add new owner                                                                &amp;#27;[90m# src/test/resources/features/find_owner.feature:3&amp;#27;[0m
__________________Setup_________________
  &amp;#27;[32mGiven &amp;#27;[0m&amp;#27;[32mI have opened the browser&amp;#27;[0m                                                      &amp;#27;[90m# stepdefs.BrowsingAround.openBrowser()&amp;#27;[0m
  &amp;#27;[32mAnd &amp;#27;[0m&amp;#27;[32mI am on Find owners page&amp;#27;[0m                                                         &amp;#27;[90m# stepdefs.FindOwner.i_am_on_find_owners_page()&amp;#27;[0m
  &amp;#27;[32mAnd &amp;#27;[0m&amp;#27;[32mI Click on Add Owner HyperLink&amp;#27;[0m                                                   &amp;#27;[90m# stepdefs.FindOwner.i_click_on_add_owner_hyper_link()&amp;#27;[0m
  &amp;#27;[32mWhen &amp;#27;[0m&amp;#27;[32mI enter New Owner details &amp;#27;[0m&amp;#27;[32m&amp;#27;[1m&quot;first_name&quot;&amp;#27;[0m&amp;#27;[32m &amp;#27;[0m&amp;#27;[32m&amp;#27;[1m&quot;last_name&quot;&amp;#27;[0m&amp;#27;[32m &amp;#27;[0m&amp;#27;[32m&amp;#27;[1m&quot;address&quot;&amp;#27;[0m&amp;#27;[32m &amp;#27;[0m&amp;#27;[32m&amp;#27;[1m&quot;city&quot;&amp;#27;[0m&amp;#27;[32m &amp;#27;[0m&amp;#27;[32m&amp;#27;[1m&quot;telephone&quot;&amp;#27;[0m &amp;#27;[90m# stepdefs.FindOwner.i_enter_new_owner_details(java.lang.String,java.lang.String,java.lang.String,java.lang.String,java.lang.String)&amp;#27;[0m
  &amp;#27;[32mAnd &amp;#27;[0m&amp;#27;[32mI click on Add Owner Button&amp;#27;[0m                                                      &amp;#27;[90m# stepdefs.FindOwner.i_click_on_add_owner_button()&amp;#27;[0m
  &amp;#27;[31mThen &amp;#27;[0m&amp;#27;[31mI should see newly added Pet owner&amp;#27;[0m                                              &amp;#27;[90m# stepdefs.FindOwner.i_should_see_newly_added_pet_owner()&amp;#27;[0m
      &amp;#27;[31mjava.lang.AssertionError
	at org.junit.Assert.fail(Assert.java:86)
	at org.junit.Assert.assertTrue(Assert.java:41)
	at org.junit.Assert.assertTrue(Assert.java:52)
	at stepdefs.FindOwner.i_should_see_newly_added_pet_owner(FindOwner.java:50)
	at âœ½.I should see newly added Pet owner(file:///C:/Users/gaurav.bs.gupta/Documents/testpetclinic/src/test/resources/features/find_owner.feature:9)
&amp;#27;[0m
</system-out>
  </testcase>
</testsuite>